warning: function `create_user` is never used
  --> crates/capsula-pki-server/src/db/user.rs:34:14
   |
34 | pub async fn create_user(input: UserInput) -> Result<()> {
   |              ^^^^^^^^^^^
   |
   = note: `#[warn(dead_code)]` (part of `#[warn(unused)]`) on by default

warning: function `get_user_by_name` is never used
  --> crates/capsula-pki-server/src/db/user.rs:40:14
   |
40 | pub async fn get_user_by_name(username: &str) -> Result<Option<User>> {
   |              ^^^^^^^^^^^^^^^^

warning: function `get_user_by_id` is never used
  --> crates/capsula-pki-server/src/db/user.rs:51:14
   |
51 | pub async fn get_user_by_id(user_id: &str) -> Result<Option<User>> {
   |              ^^^^^^^^^^^^^^

warning: struct `User` is never constructed
 --> crates/capsula-pki-server/src/models/user.rs:5:12
  |
5 | pub struct User {
  |            ^^^^

warning: struct `UserInput` is never constructed
  --> crates/capsula-pki-server/src/models/user.rs:20:12
   |
20 | pub struct UserInput {
   |            ^^^^^^^^^

warning: associated function `new` is never used
  --> crates/capsula-pki-server/src/models/user.rs:28:12
   |
27 | impl UserInput {
   | -------------- associated function in this implementation
28 |     pub fn new(username: &str, password: &str) -> Self {
   |            ^^^

warning: struct `MeResponse` is never constructed
  --> crates/capsula-pki-server/src/models/user.rs:39:12
   |
39 | pub struct MeResponse {
   |            ^^^^^^^^^^

warning: associated function `from` is never used
  --> crates/capsula-pki-server/src/models/user.rs:47:12
   |
46 | impl MeResponse {
   | --------------- associated function in this implementation
47 |     pub fn from(user: User) -> Self {
   |            ^^^^

warning: methods `get_intermediate_ca_cert` and `get_ca_chain` are never used
   --> crates/capsula-pki-server/src/pki.rs:153:12
    |
 15 | impl PkiManager {
    | --------------- methods in this implementation
...
153 |     pub fn get_intermediate_ca_cert(&self) -> Option<&String> {
    |            ^^^^^^^^^^^^^^^^^^^^^^^^
...
158 |     pub fn get_ca_chain(&self) -> Option<&String> {
    |            ^^^^^^^^^^^^

warning: struct `HealthApi` is never constructed
  --> crates/capsula-pki-server/src/routes/health.rs:16:12
   |
16 | pub struct HealthApi;
   |            ^^^^^^^^^

warning: fields `default_validity_days`, `root_ca_validity_days`, `intermediate_ca_validity_days`, `min_key_size_rsa`, and `require_strong_passwords` are never read
  --> crates/capsula-pki-server/src/settings.rs:28:9
   |
19 | pub struct PkiCfg {
   |            ------ fields in this struct
...
28 |     pub default_validity_days: u32,
   |         ^^^^^^^^^^^^^^^^^^^^^
29 |     pub root_ca_validity_days: u32,
   |         ^^^^^^^^^^^^^^^^^^^^^
30 |     pub intermediate_ca_validity_days: u32,
   |         ^^^^^^^^^^^^^^^^^^^^^^^^^^^^^
...
33 |     pub min_key_size_rsa: u32,
   |         ^^^^^^^^^^^^^^^^
34 |     pub require_strong_passwords: bool,
   |         ^^^^^^^^^^^^^^^^^^^^^^^^
   |
   = note: `PkiCfg` has a derived impl for the trait `Debug`, but this is intentionally ignored during dead code analysis

warning: `capsula-pki-server` (bin "capsula-pki-server") generated 11 warnings
    Finished `dev` profile [unoptimized + debuginfo] target(s) in 0.14s
warning: the following packages contain code that will be rejected by a future version of Rust: num-bigint-dig v0.8.4
note: to see what the problems were, use the option `--future-incompat-report`, or run `cargo report future-incompatibilities --id 1`
     Running `/Users/ancient/src/rust/capsula/target/debug/capsula-pki-server`
HTTP Server is running on http://0.0.0.0:13001
